<?xml version="1.0" encoding="UTF-8"?>
<testsuite xmlns:xsi="http://www.w3.org/2001/XMLSchema-instance" xsi:noNamespaceSchemaLocation="https://maven.apache.org/surefire/maven-surefire-plugin/xsd/surefire-test-report-3.0.xsd" version="3.0" name="TestSuite" time="123.49" tests="2" errors="0" skipped="0" failures="0">
  <properties>
[...]
</properties>
  <testcase name="runScenario[&quot;Search experiance for both home and offers page&quot;, &quot;Place the orders for products&quot;](1)" classname="cucumberOptions.TestNg_testRunner" time="120.23">
    <system-err><![CDATA[SLF4J: No SLF4J providers were found.
SLF4J: Defaulting to no-operation (NOP) logger implementation
SLF4J: See https://www.slf4j.org/codes.html#noProviders for further details.
ERROR StatusLogger Log4j2 could not find a logging implementation. Please add log4j-core to the classpath. Using SimpleLogger to log to the console...
1684764891816	geckodriver	INFO	Listening on 127.0.0.1:14764
1684764891854	geckodriver	INFO	Listening on 127.0.0.1:38357
116688447766484982911201	1m0oz	rmuonznerr:u:runnnern	IeNFO	rRun:ni:rnug nconmmeanrd:	 I"NCF:O\	\PRruongrnaim nFigle sc\o\Mmozmilala nFidre:f ox\"\fCire:fox\.e\xeP" "r--moargionretate"m "- -rFemoitel-deebugsgin\g-\porMt"o "z267i28l" "-l-raemo te F..i. r:e26f72o8/x,ht\t\p:f/i/r[:e:1f]:2o672x8/." e"x-e"n o"--r-emmoatrei"o "n-eptrotfeil"e " ""-C:-\r\Uemsoetres-\d\KeObTuHgA~g1.iRnEgD-\p\orAptp"D at"a\1\5L7o85c"a l"\\-T-ermep\m\o7t\\er u.s.t._ m:oz1p57r8o5f/i,lhettkpb:t/Y/v[B:":1
]:15785/" "-no-remote" "-profile" "C:\\Users\\KOTHA~1.RED\\AppData\\Local\\Temp\\7\\rust_mozprofileIMx2k6"
ccoonnssoolle.wea.rwnar:n :s esrveicresv.isceetst.isnegtst:i Ignnorignsg:  pIrgenfoerrienngc ep roevfeerrreindce of remote settinges  soevreverrri
de of remotec osnestotlien.gwsa rserver
n: servciocnesso.lsee.twtairnng:s :s eArlvliocw ebsy. sseettting MOZt_RiEnMgOsT:E _ASlElToTwI NbGyS _sDeEtVtTiOnOgL SM=O1Z _iRnE MthOeT Ee_nSvEiTrToInNmGeSn_tDEV
TOOLS=1 in the environment
1684764896579	M1arion6e8tt4e7	6I4N8F9O65	7M9a	rMiaorneitotneet etnea	bIlNeFdO	
Marionette enabled
Dynamically enable window occlusion 0
Dynamically enable window occlusion 0
11668844767468498696881110		MMaarriioonentettet	eI	NIFON	LFiOs	Ltiensitnegn iongn o np oporrtt 6 16021402
5
Read port: 61024
Read port: 61025
Read port: 61025
Read port: 61024
Read port:R 6e10a24
d port: 61025
RReaed apodr t:p 6o10r25
t: 61024
WebDriver BiDi WelisbteDrnivienrg  oBni Dwis :l//i1s2t7e.n0i.n0.g1 :2o6n7 2w8s
://127.0.0.1:15785
Read pRorte: a61d02 5
port: 61024
ReRade apdo protr:t :61 062140
25
RReeaadd  ppoort: r6t1:0 2651
024
RReeaadd  ppoorrtt::  661100252
4
consolec.eornrsoolre: .Reergrioorn:. sRyesgi.omnj.ss:y "sErro.rm fjse:tc h"iErngr orre fgeitocnh"i n(gn erwe Egriroonr"( ("TnIewM EEOUrTr"o,r (""TrIeMsEouOrUTce":,/ "/rgerseo/umrocdeu:l/e/sg/Rree/gimoodnu.lsyess./mRjesg"i,on .7s6y2s).)mjs
", 762))
ccoonnssoolle.ee.rerrorror::  RReeggiioonn..ssysy.sm.jmsjs: :" F"aFialielde dt ot ofe tfceht crhe greigoino"n "(n e(wn eEwr rEorrr(o"rT(I"MTEIOMUETO"U,T "",r e"sreosuorcurec:e/://g/rge/mrodulee/sm/oRdeuglieosn/.sReysgi.omnjs."s,y s4.1m4j)s)",
 414))
1684764911629	RemoteAgent1	6W8A47R6N4	91T1L63S0 	cReermottiefAigceantt	eW AeRrNro	rTsL wSi lcle rbtei fiigcnaotreed  feorrr tohriss s ewsisiloln 
be ignored for this session
console.warn: SearchSettings: "get: No settings file exists, new profile?" (new NotFoundError("Could not open the file at C:\\Users\\KOTHA~1.RED\\AppData\\Local\\Temp\\7\\rust_mozprofilekbtYvB\\search.json.mozlz4", (void 0)))
console.warn: SearchSettings: "get: No settings file exists, new profile?" (new NotFoundError("Could not open the file at C:\\Users\\KOTHA~1.RED\\AppData\\Local\\Temp\\7\\rust_mozprofileIMx2k6\\search.json.mozlz4", (void 0)))
[ERROR glean_core] Error setting metrics feature config: Json(Error("EOF while parsing a value", line: 1, column: 0))
[ERROR glean_core] Error setting metrics feature config: Json(Error("EOF while parsing a value", line: 1, column: 0))
DDeevvTTooolosls  lliistenings toen nwsi:/n/g1 27o.n0 .0w.1s::2/67/218/de2vt7o.0o.l0s/.b1r:o1ws5er7/28e59/8ad8ee5v-6t7o7o1-l4s57/7b-r8o4wasa-e6rd/f5748dfbf0a119d-cc0c-43705-91c796-4
99eb8a1437d
JavaScript warning: moz-extension://04bbf035-9a7f-45b2-88c8-35a2ef66d7e3/mcafee_wa_coreengine.js, line 1706: unreachable code after return statement
JavaScript warning: moz-extension://821ac68a-a692-4c8d-ad06-b9fb54816fa6/mcafee_wa_coreengine.js, line 1706: unreachable code after return statement
JavaScript warning: moz-extension://04bbf035-9a7f-45b2-88c8-35a2ef66d7e3/mcafee_wa_coreengine.JavaScriptj wsa,r nliinnge:  1m7o0z6:- uenxtensireachaoblne: /c/o8d2e1ac68a -aaf6t9e2r- 4rce8tdu-rand 0s6t-abt9efmbe5nt48
16fa6/mcafee_wa_coreengine.js, line 1706: unreachable code after return statement
1684764979696	Marionette	WARN	TimedPromise timed out after 500 ms: stacktrace:
TimedPromise/<@chrome://remote/content/marionette/sync.sys.mjs:219:24
TimedPromise@chrome://remote/content/marionette/sync.sys.mjs:204:10
interaction.flushEventLoop@chrome://remote/content/marionette/interaction.sys.mjs:424:10
webdriverClickElement@chrome://remote/content/marionette/interaction.sys.mjs:173:31
1684764985429	Marionette	WARN	TimedPromise timed out after 500 ms: stacktrace:
TimedPromise/<@chrome://remote/content/marionette/sync.sys.mjs:219:24
TimedPromise@chrome://remote/content/marionette/sync.sys.mjs:204:10
interaction.flushEventLoop@chrome://remote/content/marionette/interaction.sys.mjs:424:10
webdriverClickElement@chrome://remote/content/marionette/interaction.sys.mjs:173:31
16847649921668814	7R6e4mo9t9e2A6g8e1n	tR	eImNFoOt	ePAegrefnotr	mI NWFeOb	SPoecrkfeotr mu pWgerbaSdoec kfeotr  uipncoming connectigonr afdreo mf o1r2 7i.n0c.o0m.i1n:g6 1c2o0n6ne
ction from 127.0.0.1:61205
11668844776469499940408899		CDPC	DPW	AWRANR	INnva	lIinvda lbirdo wbsroerw sperre fperreefnecreesnc efso rf oCrD PC.D PS.et S e"tf i"sfsiissoino.wenb.CwoenbContentIsolationStrategy"to 0 and "fission.bfcacheInParent" to faltesnet Ibseofloartei oFniSretfroaxt esgty"arttso. 0 
and "fission.bfcacheInParent" to false before Firefox starts.
1684764994511	Marionette	INFO	Stopped listening on port 61024
1684764994520	Marionette	INFO	Stopped listening on port 61025
Dynamically enable window occlusion 1
Dynamically enable window occlusion 1
JJaavvaaScSript cerrrori:p ,t  error: , linle i0n:e  un0ca:u guhtn cexacueptigonh:t O bejxeccte
ption: Object
JJaavvaaSScrciprtip te rerrororr::  ,r leisnoe u0r: cOpeer:a/t/iognrErer/omodurle:s /CAsynocSuhld untodotwn .msoyvse. tmejmsp,or alriyn ef i5l7e6(:C O:p\eUrsaetriso\nKEOrTrHAo~r1: .CREDo\ulAdp pnDoatt am\oLvoec atle\mTpeormarpy \f7ile\(rCu:s\tUse_rmso\zKpOrToHAf~1i.lReEkDb\tAYpvpBD\asteas\sLiocoanlC\hTeecmkpp\o7i\nrtuss.tj_smoonz.ptrmofpil)eI Mxt2ko6\ sedssioenChescktpoiinntsa.tjisoonn(.tCm:p\) tUos deesrtisnat\iKonO(CT:H\UAse~rs1\K.OTRHAE~1D.R\EDA\AppppDDaatat\aLoc\alL\Toecmpa\7l\r\usTt_emomzppr\o7f\riulset_ImMoxz2kp6r\soesfsiiloenkCbhteYcvkBp\osienstssi.ojnsCohne)ck
points.json)
]]></system-err>
  </testcase>
  <testcase name="runScenario[&quot;Search experiance for both home and offers page&quot;, &quot;Place the orders for products&quot;](2)" classname="cucumberOptions.TestNg_testRunner" time="120.252"/>
</testsuite>